Fri Dec 24 02:10:09 -0500 2010

#1:	[2]
	1 entry, 0 merges, sum = 2
	2: 1	1.0
Fri Dec 24 02:10:09 -0500 2010

#2:	[4, 2]
	2 entries, 1 merges, sum = 6
	2: 1	0.5
	4: 1	0.5
Fri Dec 24 02:10:09 -0500 2010

#3:	[6, 4, 2, 4, 2, 4, 6, 2]
	8 entries, 2 merges, sum = 30
	2: 3	0.375
	4: 3	0.375
	6: 2	0.25
Fri Dec 24 02:10:09 -0500 2010

#4:	[10, 2, 4, 2, 4, 6, 2, 6, 4, 2, 4, 6, 6, 2, 6, 4, 2, 6, 4, 6, 8, 4, 2, 4, 2, 4, 8, 6, 4, 6, 2, 4, 6, 2, 6, 6, 4, 2, 4, 6, 2, 6, 4, 2, 4, 2, 10, 2]
	48 entries, 8 merges, sum = 210
	2: 15	0.3125
	4: 15	0.3125
	6: 14	0.291666666666667
	8: 2	0.0416666666666667
	10: 2	0.0416666666666667
Fri Dec 24 02:10:09 -0500 2010

#5:	[12, 4, 2, 4, 6, 2, 6, 4, 2, 4, 6, 6, 2, 6, 4, 2, 6, 4, 6, 8, 4, 2, 4, 2, 4, 14, 4, 6, 2, 10, 2, 6, 6, 4, 2, 4, 6, 2, 10, 2, 4, 2, 12, 10, 2, 4, 2, 4, :etc]
	480 entries, 48 merges, sum = 2310
	2: 135	0.28125
	4: 135	0.28125
	6: 142	0.295833333333333
	8: 28	0.0583333333333333
	10: 30	0.0625
	12: 8	0.0166666666666667
	14: 2	0.00416666666666667
Fri Dec 24 02:10:09 -0500 2010

#6:	[16, 2, 4, 6, 2, 6, 4, 2, 4, 6, 6, 2, 6, 4, 2, 6, 4, 6, 8, 4, 2, 4, 2, 4, 14, 4, 6, 2, 10, 2, 6, 6, 4, 6, 6, 2, 10, 2, 4, 2, 12, 12, 4, 2, 4, 6, 2, 10, :etc]
	5760 entries, 480 merges, sum = 30030
	2: 1485	0.2578125
	4: 1485	0.2578125
	6: 1690	0.293402777777778
	8: 394	0.0684027777777778
	10: 438	0.0760416666666667
	12: 188	0.0326388888888889
	14: 58	0.0100694444444444
	16: 12	0.00208333333333333
	18: 8	0.00138888888888889
	20:  ABSENT
	22: 2	0.000347222222222222
Fri Dec 24 02:10:10 -0500 2010

#7:	[18, 4, 6, 2, 6, 4, 2, 4, 6, 6, 2, 6, 4, 2, 6, 4, 6, 8, 4, 2, 4, 2, 4, 14, 4, 6, 2, 10, 2, 6, 6, 4, 6, 6, 2, 10, 2, 4, 2, 12, 12, 4, 2, 4, 6, 2, 10, 6, :etc]
	92160 entries, 5760 merges, sum = 510510
	2: 22275	0.24169921875
	4: 22275	0.24169921875
	6: 26630	0.288953993055556
	8: 6812	0.0739149305555555
	10: 7734	0.0839192708333333
	12: 4096	0.0444444444444444
	14: 1406	0.0152560763888889
	16: 432	0.0046875
	18: 376	0.00407986111111111
	20: 24	0.000260416666666667
	22: 78	0.000846354166666667
	24: 20	0.000217013888888889
	26: 2	2.17013888888889e-05
Fri Dec 24 02:10:15 -0500 2010

#8:	[22, 6, 2, 6, 4, 2, 4, 6, 6, 2, 6, 4, 2, 6, 4, 6, 8, 4, 2, 4, 2, 4, 14, 4, 6, 2, 10, 2, 6, 6, 4, 6, 6, 2, 10, 2, 4, 2, 12, 12, 4, 2, 4, 6, 2, 10, 6, 6, :etc]
	1658880 entries, 92160 merges, sum = 9699690
	2: 378675	0.228271484375
	4: 378675	0.228271484375
	6: 470630	0.283703462577161
	8: 128810	0.0776487750771605
	10: 148530	0.0895363136574074
	12: 90124	0.0543282214506173
	14: 33206	0.0200171199845679
	16: 12372	0.00745804398148148
	18: 12424	0.00748939043209877
	20: 1440	0.000868055555555556
	22: 2622	0.00158058449074074
	24: 1136	0.000684799382716049
	26: 142	8.55999228395062e-05
	28: 72	4.34027777777778e-05
	30: 20	1.20563271604938e-05
	32:  ABSENT
	34: 2	1.20563271604938e-06
Fri Dec 24 02:12:47 -0500 2010

#9:	[28, 2, 6, 4, 2, 4, 6, 6, 2, 6, 4, 2, 6, 4, 6, 8, 4, 2, 4, 2, 4, 14, 4, 6, 2, 10, 2, 6, 6, 4, 6, 6, 2, 10, 2, 4, 2, 12, 12, 4, 2, 4, 6, 2, 10, 6, 6, 6, :etc]
	36495360 entries, 1658880 merges, sum = 223092870
	2: 7952175	0.2178955078125
	4: 7952175	0.2178955078125
	6: 10169950	0.27866419183151
	8: 2918020	0.0799559176837823
	10: 3401790	0.0932115753893098
	12: 2255792	0.0618103780864198
	14: 871318	0.0238747610655163
	16: 362376	0.00992937184343434
	18: 396872	0.0108745878928171
	20: 61560	0.00168678977272727
	22: 88614	0.00242808948863636
	24: 48868	0.00133901953563412
	26: 7682	0.000210492511924804
	28: 5664	0.000155197811447811
	30: 2164	5.92952090347924e-05
	32: 72	1.97285353535354e-06
	34: 198	5.42534722222222e-06
	36: 56	1.53444163860831e-06
	38: 2	5.48014870931538e-08
	40: 12	3.28808922558923e-07
Fri Dec 24 05:03:04 -0500 2010

^C./Gaps4.rb:192:in `index_or_below': Interrupt
	from ./Gaps4.rb:367:in `[]'
	from ./Gaps4.rb:379:in `[]'
	from ./Gaps4.rb:374:in `[]'
	from ./Gaps4.rb:379:in `[]'
	from ./Gaps4.rb:374:in `[]'
	from ./Gaps4.rb:311:in `initialize'
	from ./Gaps4.rb:435:in `infinate_each_with_index'
	from ./Gaps4.rb:435:in `infinate_each_with_index'
	from ./Gaps4.rb:406:in `infinate_each_with_index'
	from ./Gaps4.rb:420:in `infinate_each_with_index'
	from ./Gaps4.rb:272:in `initialize'
	from ./Gaps4.rb:234:in `new'
	from ./Gaps4.rb:234:in `next'
	from ./Gaps4.rb:493
	from ./Gaps4.rb:492:in `times'
	from ./Gaps4.rb:492

