2019-05-27 10:50:46 -0400

#1:	[2]
	1 entry, 0 merges, sum = 2
	2: 1	1.0
2019-05-27 10:50:46 -0400

#2:	[4, 2]
	2 entries, 1 merges, sum = 6
	2: 1	0.5
	4: 1	0.5
2019-05-27 10:50:46 -0400

#3:	[6, 4, 2, 4, 2, 4, 6, 2]
	8 entries, 2 merges, sum = 30
	2: 3	0.375
	4: 3	0.375
	6: 2	0.25
2019-05-27 10:50:46 -0400

#4:	[10, 2, 4, 2, 4, 6, 2, 6, 4, 2, 4, 6, 6, 2, 6, 4, 2, 6, 4, 6, 8, 4, 2, 4, 2, 4, 8, 6, 4, 6, 2, 4, 6, 2, 6, 6, 4, 2, 4, 6, 2, 6, 4, 2, 4, 2, 10, 2]
	48 entries, 8 merges, sum = 210
	2: 15	0.3125
	4: 15	0.3125
	6: 14	0.2916666666666667
	8: 2	0.041666666666666664
	10: 2	0.041666666666666664
2019-05-27 10:50:46 -0400

#5:	[12, 4, 2, 4, 6, 2, 6, 4, 2, 4, 6, 6, 2, 6, 4, 2, 6, 4, 6, 8, 4, 2, 4, 2, 4, 14, 4, 6, 2, 10, 2, 6, 6, 4, 2, 4, 6, 2, 10, 2, 4, 2, 12, 10, 2, 4, 2, 4, :etc]
	480 entries, 48 merges, sum = 2310
	2: 135	0.28125
	4: 135	0.28125
	6: 142	0.29583333333333334
	8: 28	0.058333333333333334
	10: 30	0.0625
	12: 8	0.016666666666666666
	14: 2	0.004166666666666667
2019-05-27 10:50:46 -0400

#6:	[16, 2, 4, 6, 2, 6, 4, 2, 4, 6, 6, 2, 6, 4, 2, 6, 4, 6, 8, 4, 2, 4, 2, 4, 14, 4, 6, 2, 10, 2, 6, 6, 4, 6, 6, 2, 10, 2, 4, 2, 12, 12, 4, 2, 4, 6, 2, 10, :etc]
	5760 entries, 480 merges, sum = 30030
	2: 1485	0.2578125
	4: 1485	0.2578125
	6: 1690	0.2934027777777778
	8: 394	0.06840277777777778
	10: 438	0.07604166666666666
	12: 188	0.03263888888888889
	14: 58	0.010069444444444445
	16: 12	0.0020833333333333333
	18: 8	0.001388888888888889
	20:  ABSENT
	22: 2	0.00034722222222222224
2019-05-27 10:50:46 -0400

#7:	[18, 4, 6, 2, 6, 4, 2, 4, 6, 6, 2, 6, 4, 2, 6, 4, 6, 8, 4, 2, 4, 2, 4, 14, 4, 6, 2, 10, 2, 6, 6, 4, 6, 6, 2, 10, 2, 4, 2, 12, 12, 4, 2, 4, 6, 2, 10, 6, :etc]
	92160 entries, 5760 merges, sum = 510510
	2: 22275	0.24169921875
	4: 22275	0.24169921875
	6: 26630	0.2889539930555556
	8: 6812	0.07391493055555555
	10: 7734	0.08391927083333334
	12: 4096	0.044444444444444446
	14: 1406	0.015256076388888888
	16: 432	0.0046875
	18: 376	0.004079861111111111
	20: 24	0.00026041666666666666
	22: 78	0.0008463541666666667
	24: 20	0.00021701388888888888
	26: 2	2.170138888888889e-05
2019-05-27 10:50:46 -0400

#8:	[22, 6, 2, 6, 4, 2, 4, 6, 6, 2, 6, 4, 2, 6, 4, 6, 8, 4, 2, 4, 2, 4, 14, 4, 6, 2, 10, 2, 6, 6, 4, 6, 6, 2, 10, 2, 4, 2, 12, 12, 4, 2, 4, 6, 2, 10, 6, 6, :etc]
	1658880 entries, 92160 merges, sum = 9699690
	2: 378675	0.228271484375
	4: 378675	0.228271484375
	6: 470630	0.2837034625771605
	8: 128810	0.07764877507716049
	10: 148530	0.08953631365740741
	12: 90124	0.05432822145061728
	14: 33206	0.020017119984567903
	16: 12372	0.007458043981481481
	18: 12424	0.007489390432098765
	20: 1440	0.0008680555555555555
	22: 2622	0.0015805844907407407
	24: 1136	0.0006847993827160494
	26: 142	8.559992283950618e-05
	28: 72	4.340277777777778e-05
	30: 20	1.2056327160493826e-05
	32:  ABSENT
	34: 2	1.2056327160493827e-06
2019-05-27 10:50:55 -0400

#9:	[28, 2, 6, 4, 2, 4, 6, 6, 2, 6, 4, 2, 6, 4, 6, 8, 4, 2, 4, 2, 4, 14, 4, 6, 2, 10, 2, 6, 6, 4, 6, 6, 2, 10, 2, 4, 2, 12, 12, 4, 2, 4, 6, 2, 10, 6, 6, 6, :etc]
	36495360 entries, 1658880 merges, sum = 223092870
	2: 7952175	0.2178955078125
	4: 7952175	0.2178955078125
	6: 10169950	0.27866419183150953
	8: 2918020	0.07995591768378227
	10: 3401790	0.09321157538930977
	12: 2255792	0.06181037808641975
	14: 871318	0.023874761065516274
	16: 362376	0.009929371843434344
	18: 396872	0.01087458789281706
	20: 61560	0.0016867897727272727
	22: 88614	0.0024280894886363636
	24: 48868	0.001339019535634119
	26: 7682	0.0002104925119248036
	28: 5664	0.00015519781144781144
	30: 2164	5.9295209034792365e-05
	32: 72	1.9728535353535354e-06
	34: 198	5.4253472222222224e-06
	36: 56	1.5344416386083053e-06
	38: 2	5.480148709315376e-08
	40: 12	3.288089225589226e-07
2019-05-27 11:09:48 -0400

#10:	[30, 6, 4, 2, 4, 6, 6, 2, 6, 4, 2, 6, 4, 6, 8, 4, 2, 4, 2, 4, 14, 4, 6, 2, 10, 2, 6, 6, 4, 6, 6, 2, 10, 2, 4, 2, 12, 12, 4, 2, 4, 6, 2, 10, 6, 6, 6, 2, :etc]
	1021870080 entries, 36495360 merges, sum = 6469693230
	2: 214708725	0.210113525390625
	4: 214708725	0.210113525390625
	6: 280323050	0.27432357154443743
	8: 83120450	0.0813415047830738
	10: 97648950	0.09555906559080388
	12: 68713708	0.067243096108656
	14: 27403082	0.026816600795279182
	16: 12199404	0.01193831215803872
	18: 14123368	0.013821099449354658
	20: 2594160	0.0025386397456709955
	22: 3324402	0.003253253094561688
	24: 2100872	0.0020559091034351453
	26: 386554	0.00037828096503226714
	28: 324792	0.00031784079635642135
	30: 154220	0.00015091938106261024
	32: 10128	9.91124037999038e-06
	34: 15942	1.5600809057840308e-05
	36: 7228	7.07330622695206e-06
	38: 570	5.578008507696008e-07
	40: 1464	1.4326674482924482e-06
	42: 272	2.6617865159531826e-07
	44: 12	1.1743175805675805e-08
	46: 2	1.957195967612634e-09
2019-06-05 10:58:03 -0400

